<?xml version="1.0" encoding="UTF-8"?>
<!-- Generated by org.testng.reporters.JUnitXMLReporter -->
<testsuite ignored="0" hostname="Litesh" failures="0" tests="3" name="Default test" time="3.358" errors="0" timestamp="2024-12-02T22:52:52 IST">
  <testcase classname="com.tka.AdminPage" name="testHeadingAdminPage" time="0.033"/>
  <testcase classname="com.tka.AdminPage" name="testaddcatagory" time="0.172"/>
  <testcase classname="com.tka.AdminPage" name="testcatagory" time="0.018"/>
</testsuite> <!-- Default test -->
