<?xml version="1.0" encoding="UTF-8"?>
<!-- Generated by org.testng.reporters.JUnitXMLReporter -->
<testsuite ignored="0" hostname="Litesh" failures="0" tests="3" name="Testloginpage" time="3.677" errors="0" timestamp="2024-12-02T23:12:17 IST">
  <testcase classname="com.tka.LoginAutomation" name="testheading1" time="0.034"/>
  <testcase classname="com.tka.LoginAutomation" name="testlogininvalidError" time="0.169"/>
  <testcase classname="com.tka.LoginAutomation" name="testtologinintosysytem" time="0.478"/>
</testsuite> <!-- Testloginpage -->
