<?xml version="1.0" encoding="UTF-8"?>
<!-- Generated by org.testng.reporters.JUnitXMLReporter -->
<testsuite ignored="0" hostname="Litesh" failures="0" tests="3" name="TestAdminpage" time="2.637" errors="0" timestamp="2024-12-02T23:12:20 IST">
  <testcase classname="com.tka.AdminPage" name="testHeadingAdminPage" time="0.027"/>
  <testcase classname="com.tka.AdminPage" name="testaddcatagory" time="0.171"/>
  <testcase classname="com.tka.AdminPage" name="testcatagory" time="0.019"/>
</testsuite> <!-- TestAdminpage -->
