<?xml version="1.0" encoding="UTF-8"?>
<!-- Generated by org.testng.reporters.JUnitXMLReporter -->
<testsuite ignored="0" hostname="Litesh" failures="0" tests="6" name="Test" time="6.238" errors="0" timestamp="2024-12-02T23:03:47 IST">
  <testcase classname="com.tka.AdminPage" name="testHeadingAdminPage" time="0.029"/>
  <testcase classname="com.tka.AdminPage" name="testaddcatagory" time="0.184"/>
  <testcase classname="com.tka.AdminPage" name="testcatagory" time="0.023"/>
  <testcase classname="com.tka.LoginAutomation" name="testheading1" time="0.025"/>
  <testcase classname="com.tka.LoginAutomation" name="testlogininvalidError" time="0.164"/>
  <testcase classname="com.tka.LoginAutomation" name="testtologinintosysytem" time="0.368"/>
</testsuite> <!-- Test -->
